<?xml version="1.0"?>
<recursive>Hello</recursive>